<?xml version="1.0" encoding="UTF-8"?>
<testsuite xmlns:xsi="http://www.w3.org/2001/XMLSchema-instance" xsi:noNamespaceSchemaLocation="https://maven.apache.org/surefire/maven-surefire-plugin/xsd/surefire-test-report.xsd" version="3.0.2" name="testCases.TC_002_LoginTest" time="9.608" tests="1" errors="0" skipped="0" failures="0" flakes="0">
  <properties>
[...]
</properties>
  <testcase name="verify_account_registration[0]" classname="testCases.TC_002_LoginTest" time="0.018">
    <system-out><![CDATA[OS = windows
Browser = chrome
2026-06-16 02:32:12.236 [main] INFO  TC_002_LoginTest:75 - Launching browser: chrome
2026-06-16 02:32:12.241 [main] INFO  TC_002_LoginTest:198 - Connected to Selenium local env
2026-06-16 02:32:14.088 [main] INFO  TC_002_LoginTest:224 - Starting Local Execution
2026-06-16 02:32:14.089 [main] INFO  TC_002_LoginTest:226 - Browser : chrome
2026-06-16 02:32:14.504 [main] INFO  TC_002_LoginTest:284 - Opening URL
Title = Your Store
URL = https://tutorialsninja.com/demo/
2026-06-16 02:32:16.444 [main] INFO  TC_002_LoginTest:308 - URL = https://tutorialsninja.com/demo/
2026-06-16 02:32:16.449 [main] INFO  TC_002_LoginTest:310 - Title = Your Store
2026-06-16 02:32:16.450 [main] INFO  TC_002_LoginTest:312 - Browser : Chrome
2026-06-16 02:32:16.455 [main] INFO  TC_002_LoginTest:316 - ReadyState = complete
2026-06-16 02:32:16.472 [main] INFO  TC_002_LoginTest:330 - My Account Present = true
Window Size = (1554, 882)
2026-06-16 02:32:21.785 [main] INFO  TC_002_LoginTest:350 - Current URL: https://tutorialsninja.com/demo/
2026-06-16 02:32:21.790 [main] INFO  TC_002_LoginTest:352 - Page Title: Your Store
]]></system-out>
    <system-err><![CDATA[Jun 16, 2026 2:32:14 AM org.openqa.selenium.devtools.CdpVersionFinder findNearestMatch
WARNING: Unable to find an exact match for CDP version 149, returning the closest version; found: 148; Please update to a Selenium version that supports CDP version 149
]]></system-err>
  </testcase>
</testsuite>