<?xml version="1.0" encoding="UTF-8"?>
<!-- Generated by org.testng.reporters.JUnitReportReporter -->
<testsuite hostname="DANISH" failures="0" tests="2" name="testCases.TC_001_AccountRegistrationTest" time="23.797" errors="0" timestamp="2026-06-15T08:27:23 IST" skipped="0">
  <testcase classname="testCases.TC_001_AccountRegistrationTest" name="verify_account_registration" time="14.892"/>
  <testcase classname="testCases.TC_001_AccountRegistrationTest" name="verify_account_registration" time="8.905"/>
</testsuite> <!-- testCases.TC_001_AccountRegistrationTest -->
