<?xml version="1.0" encoding="UTF-8"?>
<!-- Generated by org.testng.reporters.JUnitXMLReporter -->
<testsuite ignored="1" hostname="DANISH" failures="0" tests="1" name="Test" time="10.484" errors="0" timestamp="2026-06-12T06:50:11 IST">
  <testcase classname="testCases.TC_002_LoginTest" name="verify_account_registration" time="0.091"/>
  <testcase classname="testCases.TC_001_AccountRegistrationTest" name="verify_account_registration" time="0.0">
    <ignored/>
  </testcase> <!-- verify_account_registration -->
</testsuite> <!-- Test -->
